<?xml version="1.0" encoding="UTF-8"?>
<!-- Generated by org.testng.reporters.JUnitReportReporter -->
<testsuite hostname="IN3024793W2" failures="0" tests="1" name="runner.Runner" time="46.137" errors="0" timestamp="2023-01-11T19:17:12 IST" skipped="0">
  <testcase classname="runner.Runner" name="runScenario" time="46.137"/>
  <system-out/>
</testsuite> <!-- runner.Runner -->
