<?xml version="1.0" encoding="UTF-8"?>
<!-- Generated by org.testng.reporters.JUnitReportReporter -->
<testsuite hostname="IN3024793W2" failures="0" tests="1" name="runner.Runner" time="37.664" errors="0" timestamp="2022-12-22T19:10:34 IST" skipped="0">
  <testcase classname="runner.Runner" name="runScenario" time="37.664"/>
  <system-out/>
</testsuite> <!-- runner.Runner -->
