<?xml version="1.0" encoding="UTF-8"?>
<!-- Generated by org.testng.reporters.JUnitReportReporter -->
<testsuite hostname="IN3024793W2" failures="0" tests="1" name="parallel.ParallelRun" time="43.096" errors="0" timestamp="2023-01-02T16:07:58 IST" skipped="0">
  <testcase classname="parallel.ParallelRun" name="runScenario" time="43.096"/>
  <system-out/>
</testsuite> <!-- parallel.ParallelRun -->
