<?xml version="1.0" encoding="UTF-8"?>
<!-- Generated by org.testng.reporters.JUnitReportReporter -->
<testsuite hostname="IN3024793W2" failures="0" tests="2" name="parallel.ParallelRun" time="85.325" errors="0" timestamp="2022-12-21T17:28:26 IST" skipped="0">
  <testcase classname="parallel.ParallelRun" name="runScenario" time="42.262"/>
  <system-out/>
  <testcase classname="parallel.ParallelRun" name="runScenario" time="43.063"/>
  <system-out/>
</testsuite> <!-- parallel.ParallelRun -->
